<?xml version="1.0" encoding="UTF-8"?>
<!-- Generated by org.testng.reporters.JUnitReportReporter -->
<testsuite hostname="LTIN377195" failures="0" tests="1" name="com.CucumberOpts.TestNGTestRunner" time="12.818" errors="0" timestamp="2024-03-12T11:29:25 IST" skipped="0">
  <testcase classname="com.CucumberOpts.TestNGTestRunner" name="runScenario" time="12.818"/>
</testsuite> <!-- com.CucumberOpts.TestNGTestRunner -->
