<?xml version="1.0" encoding="UTF-8"?>
<!-- Generated by org.testng.reporters.JUnitReportReporter -->
<testsuite hostname="Network_Error" failures="0" tests="1" name="com.CucumberOpts.TestNGTestRunner" time="11.226" errors="0" timestamp="2024-02-23T10:16:27 IST" skipped="0">
  <testcase classname="com.CucumberOpts.TestNGTestRunner" name="runScenario" time="11.226"/>
</testsuite> <!-- com.CucumberOpts.TestNGTestRunner -->
